2025-07-14 17:19:05 INFO  TC001_AccountRegistrationTest:15 - *****Starting TC001_AccountRegistrationTest *****
2025-07-14 17:19:05 INFO  TC001_AccountRegistrationTest:20 - Clicked on MyAccount Link
2025-07-14 17:19:05 INFO  TC001_AccountRegistrationTest:23 - Clicked on Register Link
2025-07-14 17:19:05 INFO  TC001_AccountRegistrationTest:26 - Providing customer details...
2025-07-14 17:19:07 INFO  TC001_AccountRegistrationTest:39 - Validating expected message...
2025-07-14 17:19:07 INFO  TC001_AccountRegistrationTest:48 - ***** Finished TC001_AccountRegistrationTest *****
2025-07-14 18:01:33 INFO  TC001_AccountRegistrationTest:15 - *****Starting TC001_AccountRegistrationTest *****
2025-07-14 18:01:33 INFO  TC001_AccountRegistrationTest:20 - Clicked on MyAccount Link
2025-07-14 18:01:34 INFO  TC001_AccountRegistrationTest:23 - Clicked on Register Link
2025-07-14 18:01:34 INFO  TC001_AccountRegistrationTest:26 - Providing customer details...
2025-07-14 18:01:36 INFO  TC001_AccountRegistrationTest:39 - Validating expected message...
2025-07-14 18:01:36 INFO  TC001_AccountRegistrationTest:48 - ***** Finished TC001_AccountRegistrationTest *****
2025-07-14 18:01:40 INFO  TC001_AccountRegistrationTest:15 - *****Starting TC001_AccountRegistrationTest *****
2025-07-14 18:01:40 INFO  TC001_AccountRegistrationTest:20 - Clicked on MyAccount Link
2025-07-14 18:01:41 INFO  TC001_AccountRegistrationTest:23 - Clicked on Register Link
2025-07-14 18:01:41 INFO  TC001_AccountRegistrationTest:26 - Providing customer details...
2025-07-14 18:01:42 INFO  TC001_AccountRegistrationTest:39 - Validating expected message...
2025-07-14 18:01:42 INFO  TC001_AccountRegistrationTest:48 - ***** Finished TC001_AccountRegistrationTest *****
2025-07-14 18:01:47 INFO  TC001_AccountRegistrationTest:15 - *****Starting TC001_AccountRegistrationTest *****
2025-07-14 18:01:47 ERROR TC001_AccountRegistrationTest:44 - Test Failed...
2025-07-14 18:02:21 INFO  TC001_AccountRegistrationTest:15 - *****Starting TC001_AccountRegistrationTest *****
2025-07-14 18:02:22 INFO  TC001_AccountRegistrationTest:20 - Clicked on MyAccount Link
2025-07-14 18:02:22 INFO  TC001_AccountRegistrationTest:15 - *****Starting TC001_AccountRegistrationTest *****
2025-07-14 18:02:22 INFO  TC001_AccountRegistrationTest:20 - Clicked on MyAccount Link
2025-07-14 18:02:23 INFO  TC001_AccountRegistrationTest:23 - Clicked on Register Link
2025-07-14 18:02:23 INFO  TC001_AccountRegistrationTest:26 - Providing customer details...
2025-07-14 18:02:23 INFO  TC001_AccountRegistrationTest:23 - Clicked on Register Link
2025-07-14 18:02:23 INFO  TC001_AccountRegistrationTest:26 - Providing customer details...
2025-07-14 18:02:25 INFO  TC001_AccountRegistrationTest:15 - *****Starting TC001_AccountRegistrationTest *****
2025-07-14 18:02:25 INFO  TC001_AccountRegistrationTest:39 - Validating expected message...
2025-07-14 18:02:25 INFO  TC001_AccountRegistrationTest:48 - ***** Finished TC001_AccountRegistrationTest *****
2025-07-14 18:02:25 INFO  TC001_AccountRegistrationTest:39 - Validating expected message...
2025-07-14 18:02:25 INFO  TC001_AccountRegistrationTest:48 - ***** Finished TC001_AccountRegistrationTest *****
2025-07-14 18:02:25 INFO  TC001_AccountRegistrationTest:20 - Clicked on MyAccount Link
2025-07-14 18:02:26 INFO  TC001_AccountRegistrationTest:23 - Clicked on Register Link
2025-07-14 18:02:26 INFO  TC001_AccountRegistrationTest:26 - Providing customer details...
2025-07-14 18:02:27 INFO  TC001_AccountRegistrationTest:39 - Validating expected message...
2025-07-14 18:02:28 INFO  TC001_AccountRegistrationTest:48 - ***** Finished TC001_AccountRegistrationTest *****
2025-07-14 18:15:11 INFO  TC001_AccountRegistrationTest:15 - *****Starting TC001_AccountRegistrationTest *****
2025-07-14 18:15:11 INFO  TC001_AccountRegistrationTest:20 - Clicked on MyAccount Link
2025-07-14 18:15:12 INFO  TC001_AccountRegistrationTest:23 - Clicked on Register Link
2025-07-14 18:15:12 INFO  TC001_AccountRegistrationTest:26 - Providing customer details...
2025-07-14 18:15:14 INFO  TC001_AccountRegistrationTest:39 - Validating expected message...
2025-07-14 18:15:14 INFO  TC001_AccountRegistrationTest:48 - ***** Finished TC001_AccountRegistrationTest *****
