2025-07-16 15:26:19 INFO  TC002_LoginTest:13 - ***** Starting TC_002_LoginTest *****
2025-07-16 15:30:17 INFO  TC002_LoginTest:13 - ***** Starting TC_002_LoginTest *****
2025-07-16 15:35:58 INFO  TC002_LoginTest:13 - ***** Starting TC_002_LoginTest *****
2025-07-16 15:36:24 INFO  TC002_LoginTest:13 - ***** Starting TC_002_LoginTest *****
2025-07-16 15:43:56 INFO  TC002_LoginTest:13 - ***** Starting TC_002_LoginTest *****
2025-07-16 15:47:33 INFO  TC002_LoginTest:13 - ***** Starting TC_002_LoginTest *****
2025-07-16 15:49:16 INFO  TC002_LoginTest:13 - ***** Starting TC_002_LoginTest *****
2025-07-16 15:57:10 INFO  TC002_LoginTest:13 - ***** Starting TC_002_LoginTest *****
2025-07-16 15:57:10 INFO  TC002_LoginTest:18 - clicked on my account link on the home page..
2025-07-16 15:57:10 INFO  TC002_LoginTest:20 - clicked on login link under my account..
2025-07-16 15:57:10 INFO  TC002_LoginTest:23 - Entering valid email and password..
2025-07-16 15:57:11 INFO  TC002_LoginTest:27 - clicked on login button..
2025-07-16 16:01:12 INFO  TC002_LoginTest:13 - ***** Starting TC_002_LoginTest *****
2025-07-16 16:01:12 INFO  TC002_LoginTest:18 - clicked on my account link on the home page..
2025-07-16 16:01:13 INFO  TC002_LoginTest:20 - clicked on login link under my account..
2025-07-16 16:01:13 INFO  TC002_LoginTest:23 - Entering valid email and password..
2025-07-16 16:01:14 INFO  TC002_LoginTest:27 - clicked on login button..
2025-07-16 16:11:58 INFO  TC002_LoginTest:13 - ***** Starting TC_002_LoginTest *****
2025-07-16 16:11:58 INFO  TC002_LoginTest:18 - clicked on my account link on the home page..
2025-07-16 16:11:59 INFO  TC002_LoginTest:20 - clicked on login link under my account..
2025-07-16 16:11:59 INFO  TC002_LoginTest:23 - Entering valid email and password..
2025-07-16 16:12:00 INFO  TC002_LoginTest:27 - clicked on login button..
2025-07-16 16:12:00 INFO  TC002_LoginTest:35 - ***** Finished TC_002_LoginTest *****
2025-07-16 16:17:13 INFO  TC002_LoginTest:13 - ***** Starting TC_002_LoginTest *****
2025-07-16 16:17:13 INFO  TC002_LoginTest:18 - clicked on my account link on the home page..
2025-07-16 16:17:14 INFO  TC002_LoginTest:20 - clicked on login link under my account..
2025-07-16 16:17:14 INFO  TC002_LoginTest:23 - Entering valid email and password..
2025-07-16 16:17:14 INFO  TC002_LoginTest:27 - clicked on login button..
2025-07-16 16:17:15 INFO  TC002_LoginTest:35 - ***** Finished TC_002_LoginTest *****
2025-07-16 17:45:21 INFO  TC_003_LoginDDT:26 - **** Starting TC_003_LoginDDT *****
2025-07-16 17:45:33 INFO  TC_003_LoginDDT:26 - **** Starting TC_003_LoginDDT *****
2025-07-16 17:45:34 INFO  TC_003_LoginDDT:76 - **** Finished TC_003_LoginDDT *****
2025-07-16 17:45:34 INFO  TC_003_LoginDDT:26 - **** Starting TC_003_LoginDDT *****
2025-07-16 17:45:34 INFO  TC_003_LoginDDT:26 - **** Starting TC_003_LoginDDT *****
2025-07-16 17:45:34 INFO  TC_003_LoginDDT:26 - **** Starting TC_003_LoginDDT *****
2025-07-16 17:48:22 INFO  TC_003_LoginDDT:26 - **** Starting TC_003_LoginDDT *****
2025-07-16 17:48:33 INFO  TC_003_LoginDDT:26 - **** Starting TC_003_LoginDDT *****
2025-07-16 17:48:37 INFO  TC_003_LoginDDT:76 - **** Finished TC_003_LoginDDT *****
2025-07-16 17:48:37 INFO  TC_003_LoginDDT:26 - **** Starting TC_003_LoginDDT *****
2025-07-16 17:48:37 INFO  TC_003_LoginDDT:26 - **** Starting TC_003_LoginDDT *****
2025-07-16 17:48:37 INFO  TC_003_LoginDDT:26 - **** Starting TC_003_LoginDDT *****
2025-07-16 17:49:29 INFO  TC_003_LoginDDT:26 - **** Starting TC_003_LoginDDT *****
2025-07-16 17:49:31 INFO  TC_003_LoginDDT:76 - **** Finished TC_003_LoginDDT *****
2025-07-16 17:49:31 INFO  TC_003_LoginDDT:26 - **** Starting TC_003_LoginDDT *****
2025-07-16 17:49:41 INFO  TC_003_LoginDDT:26 - **** Starting TC_003_LoginDDT *****
2025-07-16 17:49:44 INFO  TC_003_LoginDDT:26 - **** Starting TC_003_LoginDDT *****
2025-07-16 17:49:55 INFO  TC_003_LoginDDT:76 - **** Finished TC_003_LoginDDT *****
2025-07-16 17:49:55 INFO  TC_003_LoginDDT:26 - **** Starting TC_003_LoginDDT *****
2025-07-16 17:49:59 INFO  TC_003_LoginDDT:76 - **** Finished TC_003_LoginDDT *****
2025-07-16 18:10:14 INFO  TC_003_LoginDDT:26 - **** Starting TC_003_LoginDDT *****
2025-07-16 18:10:17 INFO  TC_003_LoginDDT:76 - **** Finished TC_003_LoginDDT *****
2025-07-16 18:10:17 INFO  TC_003_LoginDDT:26 - **** Starting TC_003_LoginDDT *****
2025-07-16 18:10:27 INFO  TC_003_LoginDDT:26 - **** Starting TC_003_LoginDDT *****
2025-07-16 18:10:30 INFO  TC_003_LoginDDT:26 - **** Starting TC_003_LoginDDT *****
2025-07-16 18:10:32 INFO  TC_003_LoginDDT:26 - **** Starting TC_003_LoginDDT *****
2025-07-16 18:10:34 INFO  TC_003_LoginDDT:76 - **** Finished TC_003_LoginDDT *****
2025-07-16 18:12:22 INFO  TC_003_LoginDDT:26 - **** Starting TC_003_LoginDDT *****
2025-07-16 18:12:24 INFO  TC_003_LoginDDT:76 - **** Finished TC_003_LoginDDT *****
2025-07-16 18:12:24 INFO  TC_003_LoginDDT:26 - **** Starting TC_003_LoginDDT *****
2025-07-16 18:12:35 INFO  TC_003_LoginDDT:26 - **** Starting TC_003_LoginDDT *****
2025-07-16 18:12:37 INFO  TC_003_LoginDDT:26 - **** Starting TC_003_LoginDDT *****
2025-07-16 18:12:39 INFO  TC_003_LoginDDT:26 - **** Starting TC_003_LoginDDT *****
2025-07-16 18:12:41 INFO  TC_003_LoginDDT:76 - **** Finished TC_003_LoginDDT *****
